# JRE version: Java(TM) SE Runtime Environment (17.0.12+8) (build 17.0.12+8-LTS-286)
# Java VM: Java HotSpot(TM) 64-Bit Server VM (17.0.12+8-LTS-286, mixed mode, sharing, tiered, compressed oops, compressed class ptrs, g1 gc, windows-amd64)
GC Precious Log:
 CPUs: 16 total, 16 available
 Memory: 16068M
 Large Page Support: Disabled
 NUMA Support: Disabled
 Compressed Oops: Enabled (32-bit)
 Heap Region Size: 1M
 Heap Min Capacity: 8M
 Heap Initial Capacity: 252M
 Heap Max Capacity: 2G
 Pre-touch: Disabled
 Parallel Workers: 13
 Concurrent Workers: 3
 Concurrent Refinement Workers: 13
 Periodic GC: Disabled
Heap:
 garbage-first heap   total 126976K, used 86217K [0x0000000080000000, 0x0000000100000000)
  region size 1024K, 5 young (5120K), 4 survivors (4096K)
 Metaspace       used 68636K, committed 69376K, reserved 491520K
  class space    used 9731K, committed 10048K, reserved 425984K
GC Heap History (20 events):
Event: 18.244 GC heap before
{Heap before GC invocations=13 (full 0):
 garbage-first heap   total 121856K, used 96240K [0x0000000080000000, 0x0000000100000000)
  region size 1024K, 61 young (62464K), 2 survivors (2048K)
 Metaspace       used 47540K, committed 48128K, reserved 491520K
  class space    used 6711K, committed 6976K, reserved 425984K
}
Event: 18.250 GC heap after
{Heap after GC invocations=14 (full 0):
 garbage-first heap   total 121856K, used 38316K [0x0000000080000000, 0x0000000100000000)
  region size 1024K, 5 young (5120K), 5 survivors (5120K)
 Metaspace       used 47540K, committed 48128K, reserved 491520K
  class space    used 6711K, committed 6976K, reserved 425984K
}
Event: 19.989 GC heap before
{Heap before GC invocations=14 (full 0):
 garbage-first heap   total 121856K, used 99756K [0x0000000080000000, 0x0000000100000000)
  region size 1024K, 62 young (63488K), 5 survivors (5120K)
 Metaspace       used 52891K, committed 53568K, reserved 491520K
  class space    used 7511K, committed 7808K, reserved 425984K
}
Event: 19.999 GC heap after
{Heap after GC invocations=15 (full 0):
 garbage-first heap   total 121856K, used 47931K [0x0000000080000000, 0x0000000100000000)
  region size 1024K, 8 young (8192K), 8 survivors (8192K)
 Metaspace       used 52891K, committed 53568K, reserved 491520K
  class space    used 7511K, committed 7808K, reserved 425984K
}
Event: 21.283 GC heap before
{Heap before GC invocations=15 (full 0):
 garbage-first heap   total 121856K, used 104251K [0x0000000080000000, 0x0000000100000000)
  region size 1024K, 55 young (56320K), 8 survivors (8192K)
 Metaspace       used 57274K, committed 57984K, reserved 491520K
  class space    used 8133K, committed 8448K, reserved 425984K
}
Event: 21.290 GC heap after
{Heap after GC invocations=16 (full 0):
 garbage-first heap   total 121856K, used 58731K [0x0000000080000000, 0x0000000100000000)
  region size 1024K, 4 young (4096K), 4 survivors (4096K)
 Metaspace       used 57274K, committed 57984K, reserved 491520K
  class space    used 8133K, committed 8448K, reserved 425984K
}
Event: 21.897 GC heap before
{Heap before GC invocations=16 (full 0):
 garbage-first heap   total 121856K, used 84331K [0x0000000080000000, 0x0000000100000000)
  region size 1024K, 30 young (30720K), 4 survivors (4096K)
 Metaspace       used 59472K, committed 60096K, reserved 491520K
  class space    used 8409K, committed 8704K, reserved 425984K
}
Event: 21.903 GC heap after
{Heap after GC invocations=17 (full 0):
 garbage-first heap   total 121856K, used 59899K [0x0000000080000000, 0x0000000100000000)
  region size 1024K, 5 young (5120K), 5 survivors (5120K)
 Metaspace       used 59472K, committed 60096K, reserved 491520K
  class space    used 8409K, committed 8704K, reserved 425984K
}
Event: 22.606 GC heap before
{Heap before GC invocations=18 (full 0):
 garbage-first heap   total 121856K, used 99835K [0x0000000080000000, 0x0000000100000000)
  region size 1024K, 44 young (45056K), 5 survivors (5120K)
 Metaspace       used 61856K, committed 62464K, reserved 491520K
  class space    used 8726K, committed 9024K, reserved 425984K
}
Event: 22.613 GC heap after
{Heap after GC invocations=19 (full 0):
 garbage-first heap   total 121856K, used 61066K [0x0000000080000000, 0x0000000100000000)
  region size 1024K, 4 young (4096K), 4 survivors (4096K)
 Metaspace       used 61856K, committed 62464K, reserved 491520K
  class space    used 8726K, committed 9024K, reserved 425984K
}
Event: 24.197 GC heap before
{Heap before GC invocations=19 (full 0):
 garbage-first heap   total 121856K, used 98954K [0x0000000080000000, 0x0000000100000000)
  region size 1024K, 42 young (43008K), 4 survivors (4096K)
 Metaspace       used 63548K, committed 64256K, reserved 491520K
  class space    used 8943K, committed 9280K, reserved 425984K
}
Event: 24.208 GC heap after
{Heap after GC invocations=20 (full 0):
 garbage-first heap   total 121856K, used 66375K [0x0000000080000000, 0x0000000100000000)
  region size 1024K, 6 young (6144K), 6 survivors (6144K)
 Metaspace       used 63548K, committed 64256K, reserved 491520K
  class space    used 8943K, committed 9280K, reserved 425984K
}
Event: 25.530 GC heap before
{Heap before GC invocations=21 (full 0):
 garbage-first heap   total 121856K, used 100167K [0x0000000080000000, 0x0000000100000000)
  region size 1024K, 39 young (39936K), 6 survivors (6144K)
 Metaspace       used 65433K, committed 66176K, reserved 491520K
  class space    used 9192K, committed 9536K, reserved 425984K
}
Event: 25.539 GC heap after
{Heap after GC invocations=22 (full 0):
 garbage-first heap   total 121856K, used 70374K [0x0000000080000000, 0x0000000100000000)
  region size 1024K, 4 young (4096K), 4 survivors (4096K)
 Metaspace       used 65433K, committed 66176K, reserved 491520K
  class space    used 9192K, committed 9536K, reserved 425984K
}
Event: 27.000 GC heap before
{Heap before GC invocations=22 (full 0):
 garbage-first heap   total 121856K, used 100070K [0x0000000080000000, 0x0000000100000000)
  region size 1024K, 34 young (34816K), 4 survivors (4096K)
 Metaspace       used 67798K, committed 68480K, reserved 491520K
  class space    used 9613K, committed 9920K, reserved 425984K
}
Event: 27.011 GC heap after
{Heap after GC invocations=23 (full 0):
 garbage-first heap   total 121856K, used 72856K [0x0000000080000000, 0x0000000100000000)
  region size 1024K, 3 young (3072K), 3 survivors (3072K)
 Metaspace       used 67798K, committed 68480K, reserved 491520K
  class space    used 9613K, committed 9920K, reserved 425984K
}
Event: 28.799 GC heap before
{Heap before GC invocations=24 (full 0):
 garbage-first heap   total 126976K, used 99480K [0x0000000080000000, 0x0000000100000000)
  region size 1024K, 30 young (30720K), 3 survivors (3072K)
 Metaspace       used 68457K, committed 69184K, reserved 491520K
  class space    used 9711K, committed 10048K, reserved 425984K
}
Event: 28.808 GC heap after
{Heap after GC invocations=25 (full 0):
 garbage-first heap   total 126976K, used 76389K [0x0000000080000000, 0x0000000100000000)
  region size 1024K, 4 young (4096K), 4 survivors (4096K)
 Metaspace       used 68457K, committed 69184K, reserved 491520K
  class space    used 9711K, committed 10048K, reserved 425984K
}
Event: 28.838 GC heap before
{Heap before GC invocations=25 (full 0):
 garbage-first heap   total 126976K, used 78437K [0x0000000080000000, 0x0000000100000000)
  region size 1024K, 6 young (6144K), 4 survivors (4096K)
 Metaspace       used 68472K, committed 69184K, reserved 491520K
  class space    used 9711K, committed 10048K, reserved 425984K
}
Event: 28.846 GC heap after
{Heap after GC invocations=26 (full 0):
 garbage-first heap   total 126976K, used 75865K [0x0000000080000000, 0x0000000100000000)
  region size 1024K, 1 young (1024K), 1 survivors (1024K)
 Metaspace       used 68472K, committed 69184K, reserved 491520K
  class space    used 9711K, committed 10048K, reserved 425984K
}

